{"/home/ambroise/Desktop/blogapi/src/app1.js": {"path":"/home/ambroise/Desktop/blogapi/src/app1.js","statementMap":{"0":{"start":{"line":9,"column":12},"end":{"line":9,"column":21}},"1":{"start":{"line":10,"column":0},"end":{"line":10,"column":24}},"2":{"start":{"line":11,"column":0},"end":{"line":11,"column":23}},"3":{"start":{"line":12,"column":0},"end":{"line":12,"column":16}},"4":{"start":{"line":13,"column":0},"end":{"line":13,"column":27}},"5":{"start":{"line":14,"column":0},"end":{"line":14,"column":32}},"6":{"start":{"line":15,"column":0},"end":{"line":15,"column":30}},"7":{"start":{"line":16,"column":0},"end":{"line":16,"column":32}},"8":{"start":{"line":17,"column":0},"end":{"line":17,"column":29}},"9":{"start":{"line":18,"column":0},"end":{"line":18,"column":52}},"10":{"start":{"line":19,"column":0},"end":{"line":19,"column":32}},"11":{"start":{"line":20,"column":0},"end":{"line":25,"column":3}},"12":{"start":{"line":21,"column":2},"end":{"line":24,"column":5}}},"fnMap":{"0":{"name":"(anonymous_0)","decl":{"start":{"line":20,"column":13},"end":{"line":20,"column":14}},"loc":{"start":{"line":20,"column":27},"end":{"line":25,"column":1}},"line":20}},"branchMap":{},"s":{"0":1,"1":1,"2":1,"3":1,"4":1,"5":1,"6":1,"7":1,"8":1,"9":1,"10":1,"11":1,"12":3},"f":{"0":3},"b":{},"_coverageSchema":"1a1c01bbd47fc00a2c39e90264f33305004495a9","hash":"4e693ce8e6349ffc6d28639a9bad2db0eebb06bb"}
,"/home/ambroise/Desktop/blogapi/src/index1.js": {"path":"/home/ambroise/Desktop/blogapi/src/index1.js","statementMap":{"0":{"start":{"line":4,"column":0},"end":{"line":4,"column":16}},"1":{"start":{"line":7,"column":0},"end":{"line":7,"column":35}},"2":{"start":{"line":8,"column":0},"end":{"line":15,"column":5}},"3":{"start":{"line":11,"column":4},"end":{"line":11,"column":32}},"4":{"start":{"line":14,"column":4},"end":{"line":14,"column":21}},"5":{"start":{"line":17,"column":14},"end":{"line":17,"column":39}},"6":{"start":{"line":18,"column":0},"end":{"line":20,"column":3}},"7":{"start":{"line":19,"column":2},"end":{"line":19,"column":56}}},"fnMap":{"0":{"name":"(anonymous_0)","decl":{"start":{"line":10,"column":8},"end":{"line":10,"column":9}},"loc":{"start":{"line":10,"column":14},"end":{"line":12,"column":3}},"line":10},"1":{"name":"(anonymous_1)","decl":{"start":{"line":13,"column":9},"end":{"line":13,"column":10}},"loc":{"start":{"line":13,"column":18},"end":{"line":15,"column":3}},"line":13},"2":{"name":"(anonymous_2)","decl":{"start":{"line":18,"column":26},"end":{"line":18,"column":27}},"loc":{"start":{"line":18,"column":32},"end":{"line":20,"column":1}},"line":18}},"branchMap":{"0":{"loc":{"start":{"line":17,"column":14},"end":{"line":17,"column":39}},"type":"binary-expr","locations":[{"start":{"line":17,"column":14},"end":{"line":17,"column":31}},{"start":{"line":17,"column":35},"end":{"line":17,"column":39}}],"line":17},"1":{"loc":{"start":{"line":18,"column":11},"end":{"line":18,"column":24}},"type":"binary-expr","locations":[{"start":{"line":18,"column":11},"end":{"line":18,"column":16}},{"start":{"line":18,"column":20},"end":{"line":18,"column":24}}],"line":18}},"s":{"0":1,"1":1,"2":1,"3":1,"4":0,"5":1,"6":1,"7":1},"f":{"0":1,"1":0,"2":1},"b":{"0":[1,0],"1":[1,0]},"_coverageSchema":"1a1c01bbd47fc00a2c39e90264f33305004495a9","hash":"7c0d0e957c9dad9bad3283e71a373bafd0076439"}
,"/home/ambroise/Desktop/blogapi/src/controllers/blogController.js": {"path":"/home/ambroise/Desktop/blogapi/src/controllers/blogController.js","statementMap":{"0":{"start":{"line":4,"column":27},"end":{"line":18,"column":1}},"1":{"start":{"line":5,"column":2},"end":{"line":17,"column":3}},"2":{"start":{"line":6,"column":18},"end":{"line":6,"column":40}},"3":{"start":{"line":7,"column":4},"end":{"line":11,"column":7}},"4":{"start":{"line":13,"column":4},"end":{"line":16,"column":7}},"5":{"start":{"line":19,"column":26},"end":{"line":40,"column":1}},"6":{"start":{"line":20,"column":2},"end":{"line":39,"column":3}},"7":{"start":{"line":21,"column":19},"end":{"line":21,"column":53}},"8":{"start":{"line":22,"column":20},"end":{"line":26,"column":6}},"9":{"start":{"line":27,"column":4},"end":{"line":33,"column":7}},"10":{"start":{"line":35,"column":4},"end":{"line":38,"column":7}},"11":{"start":{"line":41,"column":26},"end":{"line":69,"column":1}},"12":{"start":{"line":42,"column":2},"end":{"line":68,"column":3}},"13":{"start":{"line":43,"column":15},"end":{"line":43,"column":28}},"14":{"start":{"line":44,"column":19},"end":{"line":44,"column":53}},"15":{"start":{"line":46,"column":17},"end":{"line":46,"column":45}},"16":{"start":{"line":47,"column":4},"end":{"line":52,"column":5}},"17":{"start":{"line":48,"column":6},"end":{"line":51,"column":9}},"18":{"start":{"line":53,"column":4},"end":{"line":57,"column":7}},"19":{"start":{"line":59,"column":4},"end":{"line":62,"column":7}},"20":{"start":{"line":64,"column":4},"end":{"line":67,"column":7}},"21":{"start":{"line":71,"column":29},"end":{"line":91,"column":1}},"22":{"start":{"line":72,"column":2},"end":{"line":90,"column":3}},"23":{"start":{"line":73,"column":15},"end":{"line":73,"column":28}},"24":{"start":{"line":74,"column":17},"end":{"line":74,"column":45}},"25":{"start":{"line":75,"column":4},"end":{"line":80,"column":5}},"26":{"start":{"line":76,"column":6},"end":{"line":79,"column":9}},"27":{"start":{"line":81,"column":4},"end":{"line":84,"column":7}},"28":{"start":{"line":86,"column":4},"end":{"line":89,"column":7}},"29":{"start":{"line":92,"column":26},"end":{"line":113,"column":1}},"30":{"start":{"line":93,"column":13},"end":{"line":93,"column":26}},"31":{"start":{"line":95,"column":2},"end":{"line":112,"column":3}},"32":{"start":{"line":96,"column":17},"end":{"line":96,"column":54}},"33":{"start":{"line":97,"column":4},"end":{"line":102,"column":5}},"34":{"start":{"line":98,"column":6},"end":{"line":101,"column":9}},"35":{"start":{"line":103,"column":4},"end":{"line":106,"column":7}},"36":{"start":{"line":108,"column":4},"end":{"line":111,"column":7}},"37":{"start":{"line":115,"column":29},"end":{"line":142,"column":1}},"38":{"start":{"line":116,"column":2},"end":{"line":141,"column":3}},"39":{"start":{"line":117,"column":17},"end":{"line":117,"column":56}},"40":{"start":{"line":118,"column":4},"end":{"line":123,"column":5}},"41":{"start":{"line":119,"column":6},"end":{"line":122,"column":9}},"42":{"start":{"line":124,"column":20},"end":{"line":128,"column":6}},"43":{"start":{"line":129,"column":4},"end":{"line":129,"column":32}},"44":{"start":{"line":130,"column":4},"end":{"line":130,"column":22}},"45":{"start":{"line":131,"column":4},"end":{"line":135,"column":7}},"46":{"start":{"line":137,"column":4},"end":{"line":140,"column":7}}},"fnMap":{"0":{"name":"(anonymous_0)","decl":{"start":{"line":4,"column":27},"end":{"line":4,"column":28}},"loc":{"start":{"line":4,"column":47},"end":{"line":18,"column":1}},"line":4},"1":{"name":"(anonymous_1)","decl":{"start":{"line":19,"column":26},"end":{"line":19,"column":27}},"loc":{"start":{"line":19,"column":46},"end":{"line":40,"column":1}},"line":19},"2":{"name":"(anonymous_2)","decl":{"start":{"line":41,"column":26},"end":{"line":41,"column":27}},"loc":{"start":{"line":41,"column":46},"end":{"line":69,"column":1}},"line":41},"3":{"name":"(anonymous_3)","decl":{"start":{"line":71,"column":29},"end":{"line":71,"column":30}},"loc":{"start":{"line":71,"column":49},"end":{"line":91,"column":1}},"line":71},"4":{"name":"(anonymous_4)","decl":{"start":{"line":92,"column":26},"end":{"line":92,"column":27}},"loc":{"start":{"line":92,"column":46},"end":{"line":113,"column":1}},"line":92},"5":{"name":"(anonymous_5)","decl":{"start":{"line":115,"column":29},"end":{"line":115,"column":30}},"loc":{"start":{"line":115,"column":49},"end":{"line":142,"column":1}},"line":115}},"branchMap":{"0":{"loc":{"start":{"line":47,"column":4},"end":{"line":52,"column":5}},"type":"if","locations":[{"start":{"line":47,"column":4},"end":{"line":52,"column":5}},{"start":{},"end":{}}],"line":47},"1":{"loc":{"start":{"line":75,"column":4},"end":{"line":80,"column":5}},"type":"if","locations":[{"start":{"line":75,"column":4},"end":{"line":80,"column":5}},{"start":{},"end":{}}],"line":75},"2":{"loc":{"start":{"line":97,"column":4},"end":{"line":102,"column":5}},"type":"if","locations":[{"start":{"line":97,"column":4},"end":{"line":102,"column":5}},{"start":{},"end":{}}],"line":97},"3":{"loc":{"start":{"line":118,"column":4},"end":{"line":123,"column":5}},"type":"if","locations":[{"start":{"line":118,"column":4},"end":{"line":123,"column":5}},{"start":{},"end":{}}],"line":118}},"s":{"0":1,"1":0,"2":0,"3":0,"4":0,"5":1,"6":0,"7":0,"8":0,"9":0,"10":0,"11":1,"12":0,"13":0,"14":0,"15":0,"16":0,"17":0,"18":0,"19":0,"20":0,"21":1,"22":0,"23":0,"24":0,"25":0,"26":0,"27":0,"28":0,"29":1,"30":0,"31":0,"32":0,"33":0,"34":0,"35":0,"36":0,"37":1,"38":0,"39":0,"40":0,"41":0,"42":0,"43":0,"44":0,"45":0,"46":0},"f":{"0":0,"1":0,"2":0,"3":0,"4":0,"5":0},"b":{"0":[0,0],"1":[0,0],"2":[0,0],"3":[0,0]},"_coverageSchema":"1a1c01bbd47fc00a2c39e90264f33305004495a9","hash":"e2c7cebba1f810d5d00ae926fc90d9304393b5aa"}
,"/home/ambroise/Desktop/blogapi/src/controllers/user.js": {"path":"/home/ambroise/Desktop/blogapi/src/controllers/user.js","statementMap":{"0":{"start":{"line":6,"column":18},"end":{"line":10,"column":1}},"1":{"start":{"line":7,"column":2},"end":{"line":9,"column":5}},"2":{"start":{"line":11,"column":22},"end":{"line":28,"column":1}},"3":{"start":{"line":12,"column":2},"end":{"line":27,"column":3}},"4":{"start":{"line":13,"column":17},"end":{"line":13,"column":49}},"5":{"start":{"line":15,"column":18},"end":{"line":15,"column":37}},"6":{"start":{"line":17,"column":4},"end":{"line":21,"column":7}},"7":{"start":{"line":23,"column":4},"end":{"line":26,"column":7}},"8":{"start":{"line":29,"column":21},"end":{"line":54,"column":1}},"9":{"start":{"line":30,"column":30},"end":{"line":30,"column":38}},"10":{"start":{"line":32,"column":2},"end":{"line":37,"column":3}},"11":{"start":{"line":33,"column":4},"end":{"line":36,"column":7}},"12":{"start":{"line":39,"column":15},"end":{"line":39,"column":69}},"13":{"start":{"line":40,"column":2},"end":{"line":45,"column":3}},"14":{"start":{"line":41,"column":4},"end":{"line":44,"column":7}},"15":{"start":{"line":47,"column":16},"end":{"line":47,"column":35}},"16":{"start":{"line":49,"column":2},"end":{"line":53,"column":5}},"17":{"start":{"line":56,"column":27},"end":{"line":72,"column":1}},"18":{"start":{"line":57,"column":2},"end":{"line":71,"column":3}},"19":{"start":{"line":58,"column":21},"end":{"line":58,"column":43}},"20":{"start":{"line":60,"column":4},"end":{"line":65,"column":7}},"21":{"start":{"line":67,"column":4},"end":{"line":70,"column":7}}},"fnMap":{"0":{"name":"(anonymous_0)","decl":{"start":{"line":6,"column":18},"end":{"line":6,"column":19}},"loc":{"start":{"line":6,"column":26},"end":{"line":10,"column":1}},"line":6},"1":{"name":"(anonymous_1)","decl":{"start":{"line":11,"column":22},"end":{"line":11,"column":23}},"loc":{"start":{"line":11,"column":42},"end":{"line":28,"column":1}},"line":11},"2":{"name":"(anonymous_2)","decl":{"start":{"line":29,"column":21},"end":{"line":29,"column":22}},"loc":{"start":{"line":29,"column":41},"end":{"line":54,"column":1}},"line":29},"3":{"name":"(anonymous_3)","decl":{"start":{"line":56,"column":27},"end":{"line":56,"column":28}},"loc":{"start":{"line":56,"column":47},"end":{"line":72,"column":1}},"line":56}},"branchMap":{"0":{"loc":{"start":{"line":32,"column":2},"end":{"line":37,"column":3}},"type":"if","locations":[{"start":{"line":32,"column":2},"end":{"line":37,"column":3}},{"start":{},"end":{}}],"line":32},"1":{"loc":{"start":{"line":32,"column":6},"end":{"line":32,"column":25}},"type":"binary-expr","locations":[{"start":{"line":32,"column":6},"end":{"line":32,"column":12}},{"start":{"line":32,"column":16},"end":{"line":32,"column":25}}],"line":32},"2":{"loc":{"start":{"line":40,"column":2},"end":{"line":45,"column":3}},"type":"if","locations":[{"start":{"line":40,"column":2},"end":{"line":45,"column":3}},{"start":{},"end":{}}],"line":40},"3":{"loc":{"start":{"line":40,"column":6},"end":{"line":40,"column":69}},"type":"binary-expr","locations":[{"start":{"line":40,"column":6},"end":{"line":40,"column":11}},{"start":{"line":40,"column":15},"end":{"line":40,"column":69}}],"line":40}},"s":{"0":1,"1":0,"2":1,"3":0,"4":0,"5":0,"6":0,"7":0,"8":1,"9":0,"10":0,"11":0,"12":0,"13":0,"14":0,"15":0,"16":0,"17":1,"18":0,"19":0,"20":0,"21":0},"f":{"0":0,"1":0,"2":0,"3":0},"b":{"0":[0,0],"1":[0,0],"2":[0,0],"3":[0,0]},"_coverageSchema":"1a1c01bbd47fc00a2c39e90264f33305004495a9","hash":"24990ca40b2349490bf754a940e833773ae78691"}
,"/home/ambroise/Desktop/blogapi/src/helpers/cloud.js": {"path":"/home/ambroise/Desktop/blogapi/src/helpers/cloud.js","statementMap":{"0":{"start":{"line":3,"column":0},"end":{"line":3,"column":16}},"1":{"start":{"line":5,"column":0},"end":{"line":9,"column":3}},"2":{"start":{"line":10,"column":29},"end":{"line":22,"column":1}},"3":{"start":{"line":11,"column":4},"end":{"line":21,"column":5}},"4":{"start":{"line":12,"column":25},"end":{"line":15,"column":2}},"5":{"start":{"line":16,"column":0},"end":{"line":16,"column":22}},"6":{"start":{"line":18,"column":0},"end":{"line":20,"column":3}}},"fnMap":{"0":{"name":"(anonymous_0)","decl":{"start":{"line":10,"column":29},"end":{"line":10,"column":30}},"loc":{"start":{"line":10,"column":47},"end":{"line":22,"column":1}},"line":10}},"branchMap":{},"s":{"0":1,"1":1,"2":1,"3":0,"4":0,"5":0,"6":0},"f":{"0":0},"b":{},"_coverageSchema":"1a1c01bbd47fc00a2c39e90264f33305004495a9","hash":"a3f446b068518a43d871cb731f796ef947381aeb"}
,"/home/ambroise/Desktop/blogapi/src/helpers/multer.js": {"path":"/home/ambroise/Desktop/blogapi/src/helpers/multer.js","statementMap":{"0":{"start":{"line":4,"column":13},"end":{"line":14,"column":2}},"1":{"start":{"line":7,"column":14},"end":{"line":7,"column":45}},"2":{"start":{"line":8,"column":4},"end":{"line":11,"column":5}},"3":{"start":{"line":9,"column":6},"end":{"line":9,"column":57}},"4":{"start":{"line":10,"column":6},"end":{"line":10,"column":13}},"5":{"start":{"line":12,"column":4},"end":{"line":12,"column":19}}},"fnMap":{"0":{"name":"(anonymous_0)","decl":{"start":{"line":6,"column":14},"end":{"line":6,"column":15}},"loc":{"start":{"line":6,"column":33},"end":{"line":13,"column":3}},"line":6}},"branchMap":{"0":{"loc":{"start":{"line":8,"column":4},"end":{"line":11,"column":5}},"type":"if","locations":[{"start":{"line":8,"column":4},"end":{"line":11,"column":5}},{"start":{},"end":{}}],"line":8},"1":{"loc":{"start":{"line":8,"column":8},"end":{"line":8,"column":59}},"type":"binary-expr","locations":[{"start":{"line":8,"column":8},"end":{"line":8,"column":22}},{"start":{"line":8,"column":26},"end":{"line":8,"column":41}},{"start":{"line":8,"column":45},"end":{"line":8,"column":59}}],"line":8}},"s":{"0":1,"1":0,"2":0,"3":0,"4":0,"5":0},"f":{"0":0},"b":{"0":[0,0],"1":[0,0,0]},"_coverageSchema":"1a1c01bbd47fc00a2c39e90264f33305004495a9","hash":"1cf69cdd44e0a853e67dacba3391224475bf21ea"}
,"/home/ambroise/Desktop/blogapi/src/models/blogModels.js": {"path":"/home/ambroise/Desktop/blogapi/src/models/blogModels.js","statementMap":{"0":{"start":{"line":2,"column":19},"end":{"line":19,"column":2}},"1":{"start":{"line":21,"column":18},"end":{"line":21,"column":52}}},"fnMap":{},"branchMap":{},"s":{"0":1,"1":1},"f":{},"b":{},"_coverageSchema":"1a1c01bbd47fc00a2c39e90264f33305004495a9","hash":"3b0650af6d2d5e256fbb9641713c266b2dec1d90"}
,"/home/ambroise/Desktop/blogapi/src/models/commentModel.js": {"path":"/home/ambroise/Desktop/blogapi/src/models/commentModel.js","statementMap":{"0":{"start":{"line":4,"column":22},"end":{"line":19,"column":2}},"1":{"start":{"line":21,"column":21},"end":{"line":21,"column":61}}},"fnMap":{},"branchMap":{},"s":{"0":1,"1":1},"f":{},"b":{},"_coverageSchema":"1a1c01bbd47fc00a2c39e90264f33305004495a9","hash":"a935bd9c86831ad77c6f4f116abe60867ab33280"}
,"/home/ambroise/Desktop/blogapi/src/models/user.js": {"path":"/home/ambroise/Desktop/blogapi/src/models/user.js","statementMap":{"0":{"start":{"line":4,"column":19},"end":{"line":28,"column":2}},"1":{"start":{"line":30,"column":0},"end":{"line":35,"column":3}},"2":{"start":{"line":31,"column":15},"end":{"line":31,"column":19}},"3":{"start":{"line":32,"column":2},"end":{"line":32,"column":50}},"4":{"start":{"line":32,"column":36},"end":{"line":32,"column":50}},"5":{"start":{"line":33,"column":2},"end":{"line":33,"column":55}},"6":{"start":{"line":34,"column":2},"end":{"line":34,"column":9}},"7":{"start":{"line":37,"column":0},"end":{"line":39,"column":2}},"8":{"start":{"line":38,"column":2},"end":{"line":38,"column":51}},"9":{"start":{"line":41,"column":13},"end":{"line":41,"column":47}}},"fnMap":{"0":{"name":"(anonymous_0)","decl":{"start":{"line":30,"column":23},"end":{"line":30,"column":24}},"loc":{"start":{"line":30,"column":45},"end":{"line":35,"column":1}},"line":30},"1":{"name":"(anonymous_1)","decl":{"start":{"line":37,"column":37},"end":{"line":37,"column":38}},"loc":{"start":{"line":37,"column":74},"end":{"line":39,"column":1}},"line":37}},"branchMap":{"0":{"loc":{"start":{"line":32,"column":2},"end":{"line":32,"column":50}},"type":"if","locations":[{"start":{"line":32,"column":2},"end":{"line":32,"column":50}},{"start":{},"end":{}}],"line":32}},"s":{"0":1,"1":1,"2":0,"3":0,"4":0,"5":0,"6":0,"7":1,"8":0,"9":1},"f":{"0":0,"1":0},"b":{"0":[0,0]},"_coverageSchema":"1a1c01bbd47fc00a2c39e90264f33305004495a9","hash":"bc5674a111b2bcb54a5e625af81d24780ff3dbc2"}
,"/home/ambroise/Desktop/blogapi/src/routes/blogRoutes.js": {"path":"/home/ambroise/Desktop/blogapi/src/routes/blogRoutes.js","statementMap":{"0":{"start":{"line":11,"column":15},"end":{"line":11,"column":31}},"1":{"start":{"line":13,"column":0},"end":{"line":13,"column":40}},"2":{"start":{"line":14,"column":0},"end":{"line":14,"column":37}},"3":{"start":{"line":15,"column":0},"end":{"line":15,"column":43}},"4":{"start":{"line":16,"column":0},"end":{"line":16,"column":40}},"5":{"start":{"line":18,"column":0},"end":{"line":18,"column":64}}},"fnMap":{},"branchMap":{},"s":{"0":1,"1":1,"2":1,"3":1,"4":1,"5":1},"f":{},"b":{},"_coverageSchema":"1a1c01bbd47fc00a2c39e90264f33305004495a9","hash":"900c05dc82c3745366b02ecf3bec5db91769d966"}
,"/home/ambroise/Desktop/blogapi/src/routes/user.js": {"path":"/home/ambroise/Desktop/blogapi/src/routes/user.js","statementMap":{"0":{"start":{"line":4,"column":15},"end":{"line":4,"column":31}},"1":{"start":{"line":6,"column":0},"end":{"line":6,"column":31}},"2":{"start":{"line":7,"column":0},"end":{"line":7,"column":30}},"3":{"start":{"line":8,"column":0},"end":{"line":8,"column":34}}},"fnMap":{},"branchMap":{},"s":{"0":1,"1":1,"2":1,"3":1},"f":{},"b":{},"_coverageSchema":"1a1c01bbd47fc00a2c39e90264f33305004495a9","hash":"b097d3b29afc67be5521b530a61ab5f366e709f4"}
}
