TN:
SF:src/app1.js
FN:20,(anonymous_0)
FNF:1
FNH:1
FNDA:10,(anonymous_0)
DA:9,3
DA:10,3
DA:11,3
DA:12,3
DA:13,3
DA:14,3
DA:15,3
DA:16,3
DA:17,3
DA:18,3
DA:19,3
DA:20,3
DA:21,10
LF:13
LH:13
BRF:0
BRH:0
end_of_record
TN:
SF:src/index1.js
FN:10,(anonymous_0)
FN:13,(anonymous_1)
FN:18,(anonymous_2)
FNF:3
FNH:1
FNDA:1,(anonymous_0)
FNDA:0,(anonymous_1)
FNDA:0,(anonymous_2)
DA:4,3
DA:7,3
DA:8,3
DA:11,1
DA:14,0
DA:17,3
DA:18,3
DA:19,0
LF:8
LH:6
BRDA:17,0,0,3
BRDA:17,0,1,0
BRDA:18,1,0,3
BRDA:18,1,1,0
BRF:4
BRH:2
end_of_record
TN:
SF:src/controllers/blogController.js
FN:4,(anonymous_0)
FN:19,(anonymous_1)
FN:41,(anonymous_2)
FN:71,(anonymous_3)
FN:92,(anonymous_4)
FN:115,(anonymous_5)
FNF:6
FNH:0
FNDA:0,(anonymous_0)
FNDA:0,(anonymous_1)
FNDA:0,(anonymous_2)
FNDA:0,(anonymous_3)
FNDA:0,(anonymous_4)
FNDA:0,(anonymous_5)
DA:4,3
DA:5,0
DA:6,0
DA:7,0
DA:13,0
DA:19,3
DA:20,0
DA:21,0
DA:22,0
DA:27,0
DA:35,0
DA:41,3
DA:42,0
DA:43,0
DA:44,0
DA:46,0
DA:47,0
DA:48,0
DA:53,0
DA:59,0
DA:64,0
DA:71,3
DA:72,0
DA:73,0
DA:74,0
DA:75,0
DA:76,0
DA:81,0
DA:86,0
DA:92,3
DA:93,0
DA:95,0
DA:96,0
DA:97,0
DA:98,0
DA:103,0
DA:108,0
DA:115,3
DA:116,0
DA:117,0
DA:118,0
DA:119,0
DA:124,0
DA:129,0
DA:130,0
DA:131,0
DA:137,0
LF:47
LH:6
BRDA:47,0,0,0
BRDA:47,0,1,0
BRDA:75,1,0,0
BRDA:75,1,1,0
BRDA:97,2,0,0
BRDA:97,2,1,0
BRDA:118,3,0,0
BRDA:118,3,1,0
BRF:8
BRH:0
end_of_record
TN:
SF:src/controllers/user.js
FN:6,(anonymous_0)
FN:11,(anonymous_1)
FN:29,(anonymous_2)
FN:56,(anonymous_3)
FNF:4
FNH:0
FNDA:0,(anonymous_0)
FNDA:0,(anonymous_1)
FNDA:0,(anonymous_2)
FNDA:0,(anonymous_3)
DA:6,3
DA:7,0
DA:11,3
DA:12,0
DA:13,0
DA:15,0
DA:17,0
DA:23,0
DA:29,3
DA:30,0
DA:32,0
DA:33,0
DA:39,0
DA:40,0
DA:41,0
DA:47,0
DA:49,0
DA:56,3
DA:57,0
DA:58,0
DA:60,0
DA:67,0
LF:22
LH:4
BRDA:32,0,0,0
BRDA:32,0,1,0
BRDA:32,1,0,0
BRDA:32,1,1,0
BRDA:40,2,0,0
BRDA:40,2,1,0
BRDA:40,3,0,0
BRDA:40,3,1,0
BRF:8
BRH:0
end_of_record
TN:
SF:src/helpers/cloud.js
FN:10,(anonymous_0)
FNF:1
FNH:0
FNDA:0,(anonymous_0)
DA:3,3
DA:5,3
DA:10,3
DA:11,0
DA:12,0
DA:16,0
DA:18,0
LF:7
LH:3
BRF:0
BRH:0
end_of_record
TN:
SF:src/helpers/multer.js
FN:6,(anonymous_0)
FNF:1
FNH:0
FNDA:0,(anonymous_0)
DA:4,3
DA:7,0
DA:8,0
DA:9,0
DA:10,0
DA:12,0
LF:6
LH:1
BRDA:8,0,0,0
BRDA:8,0,1,0
BRDA:8,1,0,0
BRDA:8,1,1,0
BRDA:8,1,2,0
BRF:5
BRH:0
end_of_record
TN:
SF:src/models/blogModels.js
FNF:0
FNH:0
DA:2,3
DA:21,3
LF:2
LH:2
BRF:0
BRH:0
end_of_record
TN:
SF:src/models/commentModel.js
FNF:0
FNH:0
DA:4,3
DA:21,3
LF:2
LH:2
BRF:0
BRH:0
end_of_record
TN:
SF:src/models/user.js
FN:30,(anonymous_0)
FN:37,(anonymous_1)
FNF:2
FNH:1
FNDA:2,(anonymous_0)
FNDA:0,(anonymous_1)
DA:4,3
DA:30,3
DA:31,2
DA:32,2
DA:33,2
DA:34,2
DA:37,3
DA:38,0
DA:41,3
LF:9
LH:8
BRDA:32,0,0,0
BRDA:32,0,1,2
BRF:2
BRH:1
end_of_record
TN:
SF:src/routes/blogRoutes.js
FNF:0
FNH:0
DA:11,3
DA:13,3
DA:14,3
DA:15,3
DA:16,3
DA:18,3
LF:6
LH:6
BRF:0
BRH:0
end_of_record
TN:
SF:src/routes/user.js
FNF:0
FNH:0
DA:4,3
DA:6,3
DA:7,3
DA:8,3
LF:4
LH:4
BRF:0
BRH:0
end_of_record
